<?xml version="1.0" encoding="UTF-8"?>
<!-- Generated by org.testng.reporters.JUnitReportReporter -->
<testsuite hostname="192.168.1.5" failures="0" tests="5" name="org.example.TrelloApi" time="23.021" errors="0" timestamp="2023-09-16T21:11:38 IST" skipped="4">
  <testcase classname="org.example.TrelloApi" name="dataDriven" time="23.021"/>
  <system-out/>
  <testcase classname="org.example.TrelloApi" name="deleteBoard">
    <skipped/>
  </testcase> <!-- deleteBoard -->
  <system-out/>
  <testcase classname="org.example.TrelloApi" name="updateBoard">
    <skipped/>
  </testcase> <!-- updateBoard -->
  <system-out/>
  <testcase classname="org.example.TrelloApi" name="getBoard">
    <skipped/>
  </testcase> <!-- getBoard -->
  <system-out/>
  <testcase classname="org.example.TrelloApi" name="createBoard">
    <skipped/>
  </testcase> <!-- createBoard -->
  <system-out/>
</testsuite> <!-- org.example.TrelloApi -->
